<?xml version="1.0" encoding="UTF-8"?>
<coverage generated="1519303156959" clover="3.2.0">
  <project timestamp="1519303156959" name="All files">
    <metrics statements="115" coveredstatements="91" conditionals="94" coveredconditionals="60" methods="49" coveredmethods="33" elements="258" coveredelements="184" complexity="0" loc="115" ncloc="115" packages="6" files="21" classes="21">
      <package name="app">
        <metrics statements="23" coveredstatements="23" conditionals="14" coveredconditionals="14" methods="5" coveredmethods="5"/>
        <file name="configureStore.js" path="/home/andrew/code/gatekeeper/app/configureStore.js">
          <metrics statements="9" coveredstatements="9" conditionals="6" coveredconditionals="6" methods="1" coveredmethods="1"/>
          <line num="11" count="5" type="stmt"/>
          <line num="17" count="38" type="stmt"/>
          <line num="22" count="38" type="stmt"/>
          <line num="29" count="38" type="cond" truecount="5" falsecount="0"/>
          <line num="40" count="38" type="stmt"/>
          <line num="47" count="38" type="stmt"/>
          <line num="48" count="38" type="stmt"/>
          <line num="49" count="38" type="stmt"/>
          <line num="59" count="38" type="stmt"/>
        </file>
        <file name="i18n.js" path="/home/andrew/code/gatekeeper/app/i18n.js">
          <metrics statements="10" coveredstatements="10" conditionals="6" coveredconditionals="6" methods="2" coveredmethods="2"/>
          <line num="13" count="1" type="stmt"/>
          <line num="17" count="1" type="stmt"/>
          <line num="19" count="1" type="stmt"/>
          <line num="20" count="4" type="cond" truecount="2" falsecount="0"/>
          <line num="23" count="4" type="stmt"/>
          <line num="24" count="7" type="stmt"/>
          <line num="25" count="7" type="cond" truecount="4" falsecount="0"/>
          <line num="26" count="1" type="stmt"/>
          <line num="28" count="7" type="stmt"/>
          <line num="32" count="1" type="stmt"/>
        </file>
        <file name="reducers.js" path="/home/andrew/code/gatekeeper/app/reducers.js">
          <metrics statements="4" coveredstatements="4" conditionals="2" coveredconditionals="2" methods="2" coveredmethods="2"/>
          <line num="20" count="5" type="stmt"/>
          <line num="28" count="48" type="cond" truecount="1" falsecount="0"/>
          <line num="35" count="48" type="stmt"/>
          <line num="43" count="43" type="stmt"/>
        </file>
      </package>
      <package name="app.containers.App">
        <metrics statements="5" coveredstatements="5" conditionals="0" coveredconditionals="0" methods="4" coveredmethods="4"/>
        <file name="constants.js" path="/home/andrew/code/gatekeeper/app/containers/App/constants.js">
          <metrics statements="1" coveredstatements="1" conditionals="0" coveredconditionals="0" methods="0" coveredmethods="0"/>
          <line num="12" count="6" type="stmt"/>
        </file>
        <file name="index.js" path="/home/andrew/code/gatekeeper/app/containers/App/index.js">
          <metrics statements="1" coveredstatements="1" conditionals="0" coveredconditionals="0" methods="1" coveredmethods="1"/>
          <line num="21" count="1" type="stmt"/>
        </file>
        <file name="selectors.js" path="/home/andrew/code/gatekeeper/app/containers/App/selectors.js">
          <metrics statements="3" coveredstatements="3" conditionals="0" coveredconditionals="0" methods="3" coveredmethods="3"/>
          <line num="3" count="1" type="stmt"/>
          <line num="5" count="1" type="stmt"/>
          <line num="7" count="1" type="stmt"/>
        </file>
      </package>
      <package name="app.containers.HomePage">
        <metrics statements="1" coveredstatements="1" conditionals="0" coveredconditionals="0" methods="1" coveredmethods="1"/>
        <file name="index.js" path="/home/andrew/code/gatekeeper/app/containers/HomePage/index.js">
          <metrics statements="1" coveredstatements="1" conditionals="0" coveredconditionals="0" methods="1" coveredmethods="1"/>
          <line num="18" count="1" type="stmt"/>
        </file>
        <file name="messages.js" path="/home/andrew/code/gatekeeper/app/containers/HomePage/messages.js">
          <metrics statements="0" coveredstatements="0" conditionals="0" coveredconditionals="0" methods="0" coveredmethods="0"/>
        </file>
      </package>
      <package name="app.containers.LanguageProvider">
        <metrics statements="29" coveredstatements="5" conditionals="36" coveredconditionals="2" methods="17" coveredmethods="1"/>
        <file name="actions.js" path="/home/andrew/code/gatekeeper/app/containers/LanguageProvider/actions.js">
          <metrics statements="3" coveredstatements="0" conditionals="0" coveredconditionals="0" methods="1" coveredmethods="0"/>
          <line num="1" count="0" type="stmt"/>
          <line num="11" count="0" type="stmt"/>
          <line num="12" count="0" type="stmt"/>
        </file>
        <file name="constants.js" path="/home/andrew/code/gatekeeper/app/containers/LanguageProvider/constants.js">
          <metrics statements="2" coveredstatements="2" conditionals="0" coveredconditionals="0" methods="0" coveredmethods="0"/>
          <line num="7" count="5" type="stmt"/>
          <line num="8" count="5" type="stmt"/>
        </file>
        <file name="index.js" path="/home/andrew/code/gatekeeper/app/containers/LanguageProvider/index.js">
          <metrics statements="15" coveredstatements="0" conditionals="33" coveredconditionals="0" methods="12" coveredmethods="0"/>
          <line num="1" count="0" type="cond" truecount="0" falsecount="8"/>
          <line num="9" count="0" type="stmt"/>
          <line num="10" count="0" type="stmt"/>
          <line num="11" count="0" type="stmt"/>
          <line num="12" count="0" type="stmt"/>
          <line num="13" count="0" type="stmt"/>
          <line num="15" count="0" type="cond" truecount="0" falsecount="23"/>
          <line num="21" count="0" type="cond" truecount="0" falsecount="2"/>
          <line num="22" count="0" type="stmt"/>
          <line num="24" count="0" type="stmt"/>
          <line num="27" count="0" type="stmt"/>
          <line num="34" count="0" type="stmt"/>
          <line num="36" count="0" type="stmt"/>
          <line num="40" count="0" type="stmt"/>
          <line num="43" count="0" type="stmt"/>
        </file>
        <file name="reducer.js" path="/home/andrew/code/gatekeeper/app/containers/LanguageProvider/reducer.js">
          <metrics statements="4" coveredstatements="3" conditionals="3" coveredconditionals="2" methods="1" coveredmethods="1"/>
          <line num="16" count="5" type="stmt"/>
          <line num="21" count="48" type="cond" truecount="1" falsecount="1"/>
          <line num="23" count="0" type="stmt"/>
          <line num="26" count="48" type="stmt"/>
        </file>
        <file name="selectors.js" path="/home/andrew/code/gatekeeper/app/containers/LanguageProvider/selectors.js">
          <metrics statements="5" coveredstatements="0" conditionals="0" coveredconditionals="0" methods="3" coveredmethods="0"/>
          <line num="1" count="0" type="stmt"/>
          <line num="6" count="0" type="stmt"/>
          <line num="12" count="0" type="stmt"/>
          <line num="14" count="0" type="stmt"/>
          <line num="18" count="0" type="stmt"/>
        </file>
      </package>
      <package name="app.containers.NotFoundPage">
        <metrics statements="1" coveredstatements="1" conditionals="0" coveredconditionals="0" methods="1" coveredmethods="1"/>
        <file name="index.js" path="/home/andrew/code/gatekeeper/app/containers/NotFoundPage/index.js">
          <metrics statements="1" coveredstatements="1" conditionals="0" coveredconditionals="0" methods="1" coveredmethods="1"/>
          <line num="19" count="1" type="stmt"/>
        </file>
        <file name="messages.js" path="/home/andrew/code/gatekeeper/app/containers/NotFoundPage/messages.js">
          <metrics statements="0" coveredstatements="0" conditionals="0" coveredconditionals="0" methods="0" coveredmethods="0"/>
        </file>
      </package>
      <package name="app.utils">
        <metrics statements="56" coveredstatements="56" conditionals="44" coveredconditionals="44" methods="21" coveredmethods="21"/>
        <file name="checkStore.js" path="/home/andrew/code/gatekeeper/app/utils/checkStore.js">
          <metrics statements="2" coveredstatements="2" conditionals="0" coveredconditionals="0" methods="1" coveredmethods="1"/>
          <line num="10" count="13" type="stmt"/>
          <line num="19" count="13" type="stmt"/>
        </file>
        <file name="constants.js" path="/home/andrew/code/gatekeeper/app/utils/constants.js">
          <metrics statements="3" coveredstatements="3" conditionals="0" coveredconditionals="0" methods="0" coveredmethods="0"/>
          <line num="1" count="2" type="stmt"/>
          <line num="2" count="2" type="stmt"/>
          <line num="3" count="2" type="stmt"/>
        </file>
        <file name="injectReducer.js" path="/home/andrew/code/gatekeeper/app/utils/injectReducer.js">
          <metrics statements="5" coveredstatements="5" conditionals="3" coveredconditionals="3" methods="4" coveredmethods="4"/>
          <line num="14" count="4" type="stmt"/>
          <line num="23" count="2" type="stmt"/>
          <line num="25" count="2" type="stmt"/>
          <line num="31" count="2" type="stmt"/>
          <line num="35" count="4" type="stmt"/>
        </file>
        <file name="injectSaga.js" path="/home/andrew/code/gatekeeper/app/utils/injectSaga.js">
          <metrics statements="7" coveredstatements="7" conditionals="3" coveredconditionals="3" methods="5" coveredmethods="5"/>
          <line num="18" count="5" type="stmt"/>
          <line num="27" count="3" type="stmt"/>
          <line num="29" count="3" type="stmt"/>
          <line num="33" count="1" type="stmt"/>
          <line num="35" count="1" type="stmt"/>
          <line num="41" count="3" type="stmt"/>
          <line num="45" count="5" type="stmt"/>
        </file>
        <file name="reducerInjectors.js" path="/home/andrew/code/gatekeeper/app/utils/reducerInjectors.js">
          <metrics statements="8" coveredstatements="8" conditionals="9" coveredconditionals="9" methods="3" coveredmethods="3"/>
          <line num="10" count="8" type="stmt"/>
          <line num="11" count="10" type="cond" truecount="2" falsecount="0"/>
          <line num="13" count="9" type="stmt"/>
          <line num="19" count="6" type="cond" truecount="4" falsecount="0"/>
          <line num="21" count="5" type="stmt"/>
          <line num="22" count="5" type="stmt"/>
          <line num="27" count="2" type="stmt"/>
          <line num="29" count="1" type="stmt"/>
        </file>
        <file name="sagaInjectors.js" path="/home/andrew/code/gatekeeper/app/utils/sagaInjectors.js">
          <metrics statements="31" coveredstatements="31" conditionals="29" coveredconditionals="29" methods="8" coveredmethods="8"/>
          <line num="14" count="2" type="stmt"/>
          <line num="16" count="36" type="stmt"/>
          <line num="21" count="2" type="stmt"/>
          <line num="22" count="24" type="stmt"/>
          <line num="24" count="24" type="cond" truecount="2" falsecount="0"/>
          <line num="26" count="24" type="stmt"/>
          <line num="33" count="21" type="cond" truecount="1" falsecount="0"/>
          <line num="34" count="27" type="cond" truecount="2" falsecount="0"/>
          <line num="36" count="26" type="cond" truecount="2" falsecount="0"/>
          <line num="37" count="26" type="stmt"/>
          <line num="39" count="26" type="stmt"/>
          <line num="40" count="24" type="stmt"/>
          <line num="42" count="20" type="stmt"/>
          <line num="44" count="20" type="cond" truecount="2" falsecount="0"/>
          <line num="45" count="16" type="stmt"/>
          <line num="47" count="16" type="cond" truecount="4" falsecount="0"/>
          <line num="48" count="1" type="stmt"/>
          <line num="49" count="1" type="stmt"/>
          <line num="53" count="20" type="cond" truecount="6" falsecount="0"/>
          <line num="54" count="15" type="stmt"/>
          <line num="60" count="21" type="stmt"/>
          <line num="61" count="11" type="cond" truecount="2" falsecount="0"/>
          <line num="63" count="10" type="stmt"/>
          <line num="65" count="8" type="cond" truecount="2" falsecount="0"/>
          <line num="66" count="7" type="stmt"/>
          <line num="67" count="7" type="cond" truecount="2" falsecount="0"/>
          <line num="68" count="4" type="stmt"/>
          <line num="70" count="4" type="cond" truecount="2" falsecount="0"/>
          <line num="72" count="2" type="stmt"/>
          <line num="80" count="2" type="stmt"/>
          <line num="82" count="1" type="stmt"/>
        </file>
      </package>
    </metrics>
  </project>
</coverage>
