{"/home/andrew/code/gatekeeper/app/configureStore.js": {"path":"/home/andrew/code/gatekeeper/app/configureStore.js","statementMap":{"0":{"start":{"line":11,"column":23},"end":{"line":11,"column":45}},"1":{"start":{"line":17,"column":22},"end":{"line":20,"column":3}},"2":{"start":{"line":22,"column":20},"end":{"line":24,"column":3}},"3":{"start":{"line":29,"column":4},"end":{"line":37,"column":15}},"4":{"start":{"line":40,"column":16},"end":{"line":44,"column":3}},"5":{"start":{"line":47,"column":2},"end":{"line":47,"column":37}},"6":{"start":{"line":48,"column":2},"end":{"line":48,"column":30}},"7":{"start":{"line":49,"column":2},"end":{"line":49,"column":27}},"8":{"start":{"line":59,"column":2},"end":{"line":59,"column":15}}},"fnMap":{"0":{"name":"configureStore","decl":{"start":{"line":13,"column":24},"end":{"line":13,"column":38}},"loc":{"start":{"line":13,"column":67},"end":{"line":60,"column":1}},"line":13}},"branchMap":{"0":{"loc":{"start":{"line":13,"column":39},"end":{"line":13,"column":56}},"type":"default-arg","locations":[{"start":{"line":13,"column":54},"end":{"line":13,"column":56}}],"line":13},"1":{"loc":{"start":{"line":29,"column":4},"end":{"line":37,"column":15}},"type":"cond-expr","locations":[{"start":{"line":32,"column":8},"end":{"line":36,"column":8}},{"start":{"line":37,"column":8},"end":{"line":37,"column":15}}],"line":29},"2":{"loc":{"start":{"line":29,"column":4},"end":{"line":31,"column":47}},"type":"binary-expr","locations":[{"start":{"line":29,"column":4},"end":{"line":29,"column":41}},{"start":{"line":30,"column":4},"end":{"line":30,"column":30}},{"start":{"line":31,"column":4},"end":{"line":31,"column":47}}],"line":29}},"s":{"0":5,"1":38,"2":38,"3":38,"4":38,"5":38,"6":38,"7":38,"8":38},"f":{"0":38},"b":{"0":[1],"1":[1,37],"2":[38,38,38]},"_coverageSchema":"332fd63041d2c1bcb487cc26dd0d5f7d97098a6c","hash":"70e62af25daf59f7506e0e1b682a8ad1f3020415"}
,"/home/andrew/code/gatekeeper/app/i18n.js": {"path":"/home/andrew/code/gatekeeper/app/i18n.js","statementMap":{"0":{"start":{"line":13,"column":26},"end":{"line":15,"column":1}},"1":{"start":{"line":17,"column":0},"end":{"line":17,"column":28}},"2":{"start":{"line":19,"column":41},"end":{"line":30,"column":1}},"3":{"start":{"line":20,"column":35},"end":{"line":22,"column":8}},"4":{"start":{"line":23,"column":2},"end":{"line":29,"column":9}},"5":{"start":{"line":24,"column":18},"end":{"line":24,"column":31}},"6":{"start":{"line":25,"column":4},"end":{"line":27,"column":5}},"7":{"start":{"line":26,"column":6},"end":{"line":26,"column":46}},"8":{"start":{"line":28,"column":4},"end":{"line":28,"column":64}},"9":{"start":{"line":32,"column":35},"end":{"line":34,"column":1}}},"fnMap":{"0":{"name":"(anonymous_0)","decl":{"start":{"line":19,"column":41},"end":{"line":19,"column":42}},"loc":{"start":{"line":19,"column":63},"end":{"line":30,"column":1}},"line":19},"1":{"name":"(anonymous_1)","decl":{"start":{"line":23,"column":38},"end":{"line":23,"column":39}},"loc":{"start":{"line":23,"column":66},"end":{"line":29,"column":3}},"line":23}},"branchMap":{"0":{"loc":{"start":{"line":20,"column":35},"end":{"line":22,"column":8}},"type":"cond-expr","locations":[{"start":{"line":21,"column":6},"end":{"line":21,"column":70}},{"start":{"line":22,"column":6},"end":{"line":22,"column":8}}],"line":20},"1":{"loc":{"start":{"line":25,"column":4},"end":{"line":27,"column":5}},"type":"if","locations":[{"start":{"line":25,"column":4},"end":{"line":27,"column":5}},{"start":{"line":25,"column":4},"end":{"line":27,"column":5}}],"line":25},"2":{"loc":{"start":{"line":25,"column":8},"end":{"line":25,"column":45}},"type":"binary-expr","locations":[{"start":{"line":25,"column":8},"end":{"line":25,"column":16}},{"start":{"line":25,"column":20},"end":{"line":25,"column":45}}],"line":25}},"s":{"0":1,"1":1,"2":1,"3":4,"4":4,"5":7,"6":7,"7":1,"8":7,"9":1},"f":{"0":4,"1":7},"b":{"0":[1,3],"1":[1,6],"2":[7,1]},"_coverageSchema":"332fd63041d2c1bcb487cc26dd0d5f7d97098a6c","hash":"db721a145b8bf3e148863cf6e53855b424113967"}
,"/home/andrew/code/gatekeeper/app/reducers.js": {"path":"/home/andrew/code/gatekeeper/app/reducers.js","statementMap":{"0":{"start":{"line":20,"column":26},"end":{"line":22,"column":2}},"1":{"start":{"line":28,"column":2},"end":{"line":36,"column":3}},"2":{"start":{"line":35,"column":6},"end":{"line":35,"column":19}},"3":{"start":{"line":43,"column":2},"end":{"line":47,"column":5}}},"fnMap":{"0":{"name":"routeReducer","decl":{"start":{"line":27,"column":9},"end":{"line":27,"column":21}},"loc":{"start":{"line":27,"column":57},"end":{"line":37,"column":1}},"line":27},"1":{"name":"createReducer","decl":{"start":{"line":42,"column":24},"end":{"line":42,"column":37}},"loc":{"start":{"line":42,"column":56},"end":{"line":48,"column":1}},"line":42}},"branchMap":{"0":{"loc":{"start":{"line":27,"column":22},"end":{"line":27,"column":47}},"type":"default-arg","locations":[{"start":{"line":27,"column":30},"end":{"line":27,"column":47}}],"line":27},"1":{"loc":{"start":{"line":28,"column":2},"end":{"line":36,"column":3}},"type":"switch","locations":[{"start":{"line":34,"column":4},"end":{"line":35,"column":19}}],"line":28}},"s":{"0":5,"1":48,"2":48,"3":43},"f":{"0":48,"1":43},"b":{"0":[38],"1":[48]},"_coverageSchema":"332fd63041d2c1bcb487cc26dd0d5f7d97098a6c","hash":"86bce09cd5c6b9a8b1ad562d90cdd0dd3bb491e7"}
,"/home/andrew/code/gatekeeper/app/containers/App/constants.js": {"path":"/home/andrew/code/gatekeeper/app/containers/App/constants.js","statementMap":{"0":{"start":{"line":12,"column":30},"end":{"line":12,"column":34}}},"fnMap":{},"branchMap":{},"s":{"0":6},"f":{},"b":{},"_coverageSchema":"332fd63041d2c1bcb487cc26dd0d5f7d97098a6c","hash":"38fda315143864b9d9cfebcde3cc12d69351ce38"}
,"/home/andrew/code/gatekeeper/app/containers/App/index.js": {"path":"/home/andrew/code/gatekeeper/app/containers/App/index.js","statementMap":{"0":{"start":{"line":21,"column":2},"end":{"line":28,"column":4}}},"fnMap":{"0":{"name":"App","decl":{"start":{"line":20,"column":24},"end":{"line":20,"column":27}},"loc":{"start":{"line":20,"column":30},"end":{"line":29,"column":1}},"line":20}},"branchMap":{},"s":{"0":1},"f":{"0":1},"b":{},"_coverageSchema":"332fd63041d2c1bcb487cc26dd0d5f7d97098a6c","hash":"9af1fd750180f9b8aa0b00b1e20c2a468547ac7a"}
,"/home/andrew/code/gatekeeper/app/containers/App/selectors.js": {"path":"/home/andrew/code/gatekeeper/app/containers/App/selectors.js","statementMap":{"0":{"start":{"line":3,"column":20},"end":{"line":3,"column":49}},"1":{"start":{"line":3,"column":31},"end":{"line":3,"column":49}},"2":{"start":{"line":5,"column":27},"end":{"line":8,"column":1}},"3":{"start":{"line":5,"column":33},"end":{"line":8,"column":1}},"4":{"start":{"line":7,"column":18},"end":{"line":7,"column":51}}},"fnMap":{"0":{"name":"(anonymous_0)","decl":{"start":{"line":3,"column":20},"end":{"line":3,"column":21}},"loc":{"start":{"line":3,"column":31},"end":{"line":3,"column":49}},"line":3},"1":{"name":"(anonymous_1)","decl":{"start":{"line":5,"column":27},"end":{"line":5,"column":28}},"loc":{"start":{"line":5,"column":33},"end":{"line":8,"column":1}},"line":5},"2":{"name":"(anonymous_2)","decl":{"start":{"line":7,"column":2},"end":{"line":7,"column":3}},"loc":{"start":{"line":7,"column":18},"end":{"line":7,"column":51}},"line":7}},"branchMap":{},"s":{"0":1,"1":1,"2":1,"3":1,"4":1},"f":{"0":1,"1":1,"2":1},"b":{},"_coverageSchema":"332fd63041d2c1bcb487cc26dd0d5f7d97098a6c","hash":"fcefacdf330c1551c8c15ebfe57f8e52a299d547"}
,"/home/andrew/code/gatekeeper/app/containers/HomePage/index.js": {"path":"/home/andrew/code/gatekeeper/app/containers/HomePage/index.js","statementMap":{"0":{"start":{"line":18,"column":4},"end":{"line":22,"column":6}}},"fnMap":{"0":{"name":"(anonymous_0)","decl":{"start":{"line":17,"column":2},"end":{"line":17,"column":3}},"loc":{"start":{"line":17,"column":11},"end":{"line":23,"column":3}},"line":17}},"branchMap":{},"s":{"0":1},"f":{"0":1},"b":{},"_coverageSchema":"332fd63041d2c1bcb487cc26dd0d5f7d97098a6c","hash":"2b616c70dac1fb24f54e781ac3e314d49baf4f82"}
,"/home/andrew/code/gatekeeper/app/containers/HomePage/messages.js": {"path":"/home/andrew/code/gatekeeper/app/containers/HomePage/messages.js","statementMap":{},"fnMap":{},"branchMap":{},"s":{},"f":{},"b":{},"_coverageSchema":"332fd63041d2c1bcb487cc26dd0d5f7d97098a6c","hash":"875d8420284f23eb737ae8572331f6a08761306c"}
,"/home/andrew/code/gatekeeper/app/containers/LanguageProvider/actions.js": {"path":"/home/andrew/code/gatekeeper/app/containers/LanguageProvider/actions.js","statementMap":{"0":{"start":{"line":1,"column":13},"end":{"line":1,"column":75}},"1":{"start":{"line":1,"column":75},"end":{"line":11,"column":28}},"2":{"start":{"line":11,"column":45},"end":{"line":11,"column":67}},"3":{"start":{"line":12,"column":2},"end":{"line":14,"column":29}}},"fnMap":{"0":{"name":"changeLocale","decl":{"start":{"line":11,"column":77},"end":{"line":11,"column":89}},"loc":{"start":{"line":11,"column":106},"end":{"line":16,"column":1}},"line":11}},"branchMap":{},"s":{"0":0,"1":0,"2":0,"3":0},"f":{"0":0},"b":{}}
,"/home/andrew/code/gatekeeper/app/containers/LanguageProvider/constants.js": {"path":"/home/andrew/code/gatekeeper/app/containers/LanguageProvider/constants.js","statementMap":{"0":{"start":{"line":7,"column":29},"end":{"line":7,"column":63}},"1":{"start":{"line":8,"column":30},"end":{"line":8,"column":34}}},"fnMap":{},"branchMap":{},"s":{"0":5,"1":5},"f":{},"b":{},"_coverageSchema":"332fd63041d2c1bcb487cc26dd0d5f7d97098a6c","hash":"4b20f1ba62cf495a195b13c3d85f31b5bce71a7f"}
,"/home/andrew/code/gatekeeper/app/containers/LanguageProvider/index.js": {"path":"/home/andrew/code/gatekeeper/app/containers/LanguageProvider/index.js","statementMap":{"0":{"start":{"line":1,"column":13},"end":{"line":1,"column":75}},"1":{"start":{"line":1,"column":75},"end":{"line":1,"column":112}},"2":{"start":{"line":1,"column":131},"end":{"line":1,"column":660}},"3":{"start":{"line":1,"column":186},"end":{"line":1,"column":451}},"4":{"start":{"line":1,"column":243},"end":{"line":1,"column":251}},"5":{"start":{"line":1,"column":252},"end":{"line":1,"column":307}},"6":{"start":{"line":1,"column":307},"end":{"line":1,"column":338}},"7":{"start":{"line":1,"column":338},"end":{"line":1,"column":392}},"8":{"start":{"line":1,"column":365},"end":{"line":1,"column":392}},"9":{"start":{"line":1,"column":392},"end":{"line":1,"column":450}},"10":{"start":{"line":1,"column":452},"end":{"line":1,"column":657}},"11":{"start":{"line":1,"column":508},"end":{"line":1,"column":576}},"12":{"start":{"line":1,"column":524},"end":{"line":1,"column":576}},"13":{"start":{"line":1,"column":576},"end":{"line":1,"column":636}},"14":{"start":{"line":1,"column":593},"end":{"line":1,"column":636}},"15":{"start":{"line":1,"column":636},"end":{"line":1,"column":655}},"16":{"start":{"line":9,"column":13},"end":{"line":9,"column":29}},"17":{"start":{"line":9,"column":44},"end":{"line":9,"column":74}},"18":{"start":{"line":10,"column":17},"end":{"line":10,"column":38}},"19":{"start":{"line":10,"column":57},"end":{"line":10,"column":91}},"20":{"start":{"line":11,"column":18},"end":{"line":11,"column":40}},"21":{"start":{"line":12,"column":16},"end":{"line":12,"column":35}},"22":{"start":{"line":13,"column":17},"end":{"line":13,"column":38}},"23":{"start":{"line":15,"column":17},"end":{"line":15,"column":39}},"24":{"start":{"line":15,"column":78},"end":{"line":15,"column":132}},"25":{"start":{"line":15,"column":182},"end":{"line":15,"column":281}},"26":{"start":{"line":15,"column":223},"end":{"line":15,"column":280}},"27":{"start":{"line":15,"column":331},"end":{"line":15,"column":430}},"28":{"start":{"line":15,"column":343},"end":{"line":15,"column":429}},"29":{"start":{"line":15,"column":430},"end":{"line":15,"column":516}},"30":{"start":{"line":15,"column":559},"end":{"line":15,"column":722}},"31":{"start":{"line":15,"column":621},"end":{"line":15,"column":721}},"32":{"start":{"line":15,"column":722},"end":{"line":15,"column":886}},"33":{"start":{"line":15,"column":886},"end":{"line":15,"column":1004}},"34":{"start":{"line":15,"column":902},"end":{"line":15,"column":1004}},"35":{"start":{"line":21,"column":1032},"end":{"line":24,"column":66}},"36":{"start":{"line":21,"column":1092},"end":{"line":21,"column":1142}},"37":{"start":{"line":21,"column":1171},"end":{"line":21,"column":1211}},"38":{"start":{"line":21,"column":1211},"end":{"line":21,"column":1347}},"39":{"start":{"line":21,"column":1348},"end":{"line":24,"column":10}},"40":{"start":{"line":22,"column":30},"end":{"line":22,"column":249}},"41":{"start":{"line":24,"column":10},"end":{"line":24,"column":34}},"42":{"start":{"line":27,"column":0},"end":{"line":30,"column":53}},"43":{"start":{"line":34,"column":22},"end":{"line":36,"column":47}},"44":{"start":{"line":36,"column":19},"end":{"line":36,"column":45}},"45":{"start":{"line":40,"column":2},"end":{"line":41,"column":25}},"46":{"start":{"line":43,"column":1},"end":{"line":45,"column":80}}},"fnMap":{"0":{"name":"(anonymous_0)","decl":{"start":{"line":1,"column":131},"end":{"line":1,"column":132}},"loc":{"start":{"line":1,"column":143},"end":{"line":1,"column":658}},"line":1},"1":{"name":"defineProperties","decl":{"start":{"line":1,"column":153},"end":{"line":1,"column":169}},"loc":{"start":{"line":1,"column":185},"end":{"line":1,"column":452}},"line":1},"2":{"name":"(anonymous_2)","decl":{"start":{"line":1,"column":459},"end":{"line":1,"column":460}},"loc":{"start":{"line":1,"column":507},"end":{"line":1,"column":656}},"line":1},"3":{"name":"_interopRequireDefault","decl":{"start":{"line":15,"column":49},"end":{"line":15,"column":71}},"loc":{"start":{"line":15,"column":77},"end":{"line":15,"column":133}},"line":15},"4":{"name":"_classCallCheck","decl":{"start":{"line":15,"column":142},"end":{"line":15,"column":157}},"loc":{"start":{"line":15,"column":181},"end":{"line":15,"column":282}},"line":15},"5":{"name":"_possibleConstructorReturn","decl":{"start":{"line":15,"column":291},"end":{"line":15,"column":317}},"loc":{"start":{"line":15,"column":330},"end":{"line":15,"column":517}},"line":15},"6":{"name":"_inherits","decl":{"start":{"line":15,"column":526},"end":{"line":15,"column":535}},"loc":{"start":{"line":15,"column":558},"end":{"line":15,"column":1005}},"line":15},"7":{"name":"(anonymous_7)","decl":{"start":{"line":21,"column":1059},"end":{"line":21,"column":1060}},"loc":{"start":{"line":21,"column":1091},"end":{"line":24,"column":35}},"line":21},"8":{"name":"LanguageProvider","decl":{"start":{"line":21,"column":1151},"end":{"line":21,"column":1167}},"loc":{"start":{"line":21,"column":1170},"end":{"line":21,"column":1348}},"line":21},"9":{"name":"render","decl":{"start":{"line":22,"column":20},"end":{"line":22,"column":26}},"loc":{"start":{"line":22,"column":29},"end":{"line":24,"column":5}},"line":22},"10":{"name":"(anonymous_10)","decl":{"start":{"line":36,"column":0},"end":{"line":36,"column":1}},"loc":{"start":{"line":36,"column":18},"end":{"line":36,"column":46}},"line":36},"11":{"name":"mapDispatchToProps","decl":{"start":{"line":39,"column":9},"end":{"line":39,"column":27}},"loc":{"start":{"line":39,"column":38},"end":{"line":43,"column":1}},"line":39}},"branchMap":{"0":{"loc":{"start":{"line":1,"column":276},"end":{"line":1,"column":306}},"type":"binary-expr","locations":[{"start":{"line":1,"column":276},"end":{"line":1,"column":297}},{"start":{"line":1,"column":301},"end":{"line":1,"column":306}}],"line":1},"1":{"loc":{"start":{"line":1,"column":338},"end":{"line":1,"column":392}},"type":"if","locations":[{"start":{"line":1,"column":338},"end":{"line":1,"column":392}},{"start":{"line":1,"column":338},"end":{"line":1,"column":392}}],"line":1},"2":{"loc":{"start":{"line":1,"column":508},"end":{"line":1,"column":576}},"type":"if","locations":[{"start":{"line":1,"column":508},"end":{"line":1,"column":576}},{"start":{"line":1,"column":508},"end":{"line":1,"column":576}}],"line":1},"3":{"loc":{"start":{"line":1,"column":576},"end":{"line":1,"column":636}},"type":"if","locations":[{"start":{"line":1,"column":576},"end":{"line":1,"column":636}},{"start":{"line":1,"column":576},"end":{"line":1,"column":636}}],"line":1},"4":{"loc":{"start":{"line":15,"column":85},"end":{"line":15,"column":131}},"type":"cond-expr","locations":[{"start":{"line":15,"column":109},"end":{"line":15,"column":112}},{"start":{"line":15,"column":115},"end":{"line":15,"column":131}}],"line":15},"5":{"loc":{"start":{"line":15,"column":85},"end":{"line":15,"column":106}},"type":"binary-expr","locations":[{"start":{"line":15,"column":85},"end":{"line":15,"column":88}},{"start":{"line":15,"column":92},"end":{"line":15,"column":106}}],"line":15},"6":{"loc":{"start":{"line":15,"column":182},"end":{"line":15,"column":281}},"type":"if","locations":[{"start":{"line":15,"column":182},"end":{"line":15,"column":281}},{"start":{"line":15,"column":182},"end":{"line":15,"column":281}}],"line":15},"7":{"loc":{"start":{"line":15,"column":331},"end":{"line":15,"column":430}},"type":"if","locations":[{"start":{"line":15,"column":331},"end":{"line":15,"column":430}},{"start":{"line":15,"column":331},"end":{"line":15,"column":430}}],"line":15},"8":{"loc":{"start":{"line":15,"column":437},"end":{"line":15,"column":515}},"type":"cond-expr","locations":[{"start":{"line":15,"column":504},"end":{"line":15,"column":508}},{"start":{"line":15,"column":511},"end":{"line":15,"column":515}}],"line":15},"9":{"loc":{"start":{"line":15,"column":437},"end":{"line":15,"column":501}},"type":"binary-expr","locations":[{"start":{"line":15,"column":437},"end":{"line":15,"column":441}},{"start":{"line":15,"column":446},"end":{"line":15,"column":470}},{"start":{"line":15,"column":474},"end":{"line":15,"column":500}}],"line":15},"10":{"loc":{"start":{"line":15,"column":559},"end":{"line":15,"column":722}},"type":"if","locations":[{"start":{"line":15,"column":559},"end":{"line":15,"column":722}},{"start":{"line":15,"column":559},"end":{"line":15,"column":722}}],"line":15},"11":{"loc":{"start":{"line":15,"column":563},"end":{"line":15,"column":618}},"type":"binary-expr","locations":[{"start":{"line":15,"column":563},"end":{"line":15,"column":595}},{"start":{"line":15,"column":599},"end":{"line":15,"column":618}}],"line":15},"12":{"loc":{"start":{"line":15,"column":757},"end":{"line":15,"column":791}},"type":"binary-expr","locations":[{"start":{"line":15,"column":757},"end":{"line":15,"column":767}},{"start":{"line":15,"column":771},"end":{"line":15,"column":791}}],"line":15},"13":{"loc":{"start":{"line":15,"column":886},"end":{"line":15,"column":1004}},"type":"if","locations":[{"start":{"line":15,"column":886},"end":{"line":15,"column":1004}},{"start":{"line":15,"column":886},"end":{"line":15,"column":1004}}],"line":15},"14":{"loc":{"start":{"line":15,"column":902},"end":{"line":15,"column":1003}},"type":"cond-expr","locations":[{"start":{"line":15,"column":926},"end":{"line":15,"column":969}},{"start":{"line":15,"column":972},"end":{"line":15,"column":1003}}],"line":15},"15":{"loc":{"start":{"line":21,"column":1252},"end":{"line":21,"column":1321}},"type":"binary-expr","locations":[{"start":{"line":21,"column":1252},"end":{"line":21,"column":1278}},{"start":{"line":21,"column":1282},"end":{"line":21,"column":1321}}],"line":21}},"s":{"0":0,"1":0,"2":0,"3":0,"4":0,"5":0,"6":0,"7":0,"8":0,"9":0,"10":0,"11":0,"12":0,"13":0,"14":0,"15":0,"16":0,"17":0,"18":0,"19":0,"20":0,"21":0,"22":0,"23":0,"24":0,"25":0,"26":0,"27":0,"28":0,"29":0,"30":0,"31":0,"32":0,"33":0,"34":0,"35":0,"36":0,"37":0,"38":0,"39":0,"40":0,"41":0,"42":0,"43":0,"44":0,"45":0,"46":0},"f":{"0":0,"1":0,"2":0,"3":0,"4":0,"5":0,"6":0,"7":0,"8":0,"9":0,"10":0,"11":0},"b":{"0":[0,0],"1":[0,0],"2":[0,0],"3":[0,0],"4":[0,0],"5":[0,0],"6":[0,0],"7":[0,0],"8":[0,0],"9":[0,0,0],"10":[0,0],"11":[0,0],"12":[0,0],"13":[0,0],"14":[0,0],"15":[0,0]}}
,"/home/andrew/code/gatekeeper/app/containers/LanguageProvider/reducer.js": {"path":"/home/andrew/code/gatekeeper/app/containers/LanguageProvider/reducer.js","statementMap":{"0":{"start":{"line":16,"column":21},"end":{"line":18,"column":2}},"1":{"start":{"line":21,"column":2},"end":{"line":27,"column":3}},"2":{"start":{"line":23,"column":6},"end":{"line":24,"column":38}},"3":{"start":{"line":26,"column":6},"end":{"line":26,"column":19}}},"fnMap":{"0":{"name":"languageProviderReducer","decl":{"start":{"line":20,"column":9},"end":{"line":20,"column":32}},"loc":{"start":{"line":20,"column":63},"end":{"line":28,"column":1}},"line":20}},"branchMap":{"0":{"loc":{"start":{"line":20,"column":33},"end":{"line":20,"column":53}},"type":"default-arg","locations":[{"start":{"line":20,"column":41},"end":{"line":20,"column":53}}],"line":20},"1":{"loc":{"start":{"line":21,"column":2},"end":{"line":27,"column":3}},"type":"switch","locations":[{"start":{"line":22,"column":4},"end":{"line":24,"column":38}},{"start":{"line":25,"column":4},"end":{"line":26,"column":19}}],"line":21}},"s":{"0":5,"1":48,"2":0,"3":48},"f":{"0":48},"b":{"0":[38],"1":[0,48]},"_coverageSchema":"332fd63041d2c1bcb487cc26dd0d5f7d97098a6c","hash":"d255f7a713c2de63eb21f068ccff22d43741394c"}
,"/home/andrew/code/gatekeeper/app/containers/LanguageProvider/selectors.js": {"path":"/home/andrew/code/gatekeeper/app/containers/LanguageProvider/selectors.js","statementMap":{"0":{"start":{"line":1,"column":13},"end":{"line":1,"column":75}},"1":{"start":{"line":1,"column":75},"end":{"line":1,"column":137}},"2":{"start":{"line":1,"column":153},"end":{"line":1,"column":172}},"3":{"start":{"line":6,"column":21},"end":{"line":6,"column":83}},"4":{"start":{"line":6,"column":53},"end":{"line":6,"column":82}},"5":{"start":{"line":12,"column":23},"end":{"line":14,"column":67}},"6":{"start":{"line":12,"column":52},"end":{"line":14,"column":66}},"7":{"start":{"line":14,"column":28},"end":{"line":14,"column":63}},"8":{"start":{"line":14,"column":68},"end":{"line":18,"column":32}},"9":{"start":{"line":18,"column":32},"end":{"line":19,"column":36}}},"fnMap":{"0":{"name":"selectLanguage","decl":{"start":{"line":6,"column":30},"end":{"line":6,"column":44}},"loc":{"start":{"line":6,"column":52},"end":{"line":6,"column":83}},"line":6},"1":{"name":"makeSelectLocale","decl":{"start":{"line":12,"column":32},"end":{"line":12,"column":48}},"loc":{"start":{"line":12,"column":51},"end":{"line":14,"column":67}},"line":12},"2":{"name":"(anonymous_2)","decl":{"start":{"line":14,"column":2},"end":{"line":14,"column":3}},"loc":{"start":{"line":14,"column":27},"end":{"line":14,"column":64}},"line":14}},"branchMap":{},"s":{"0":0,"1":0,"2":0,"3":0,"4":0,"5":0,"6":0,"7":0,"8":0,"9":0},"f":{"0":0,"1":0,"2":0},"b":{}}
,"/home/andrew/code/gatekeeper/app/containers/NotFoundPage/index.js": {"path":"/home/andrew/code/gatekeeper/app/containers/NotFoundPage/index.js","statementMap":{"0":{"start":{"line":19,"column":4},"end":{"line":23,"column":6}}},"fnMap":{"0":{"name":"(anonymous_0)","decl":{"start":{"line":18,"column":2},"end":{"line":18,"column":3}},"loc":{"start":{"line":18,"column":11},"end":{"line":24,"column":3}},"line":18}},"branchMap":{},"s":{"0":1},"f":{"0":1},"b":{},"_coverageSchema":"332fd63041d2c1bcb487cc26dd0d5f7d97098a6c","hash":"0420dc3a66ef6e72ff18e98f6cc96d1babbefb77"}
,"/home/andrew/code/gatekeeper/app/containers/NotFoundPage/messages.js": {"path":"/home/andrew/code/gatekeeper/app/containers/NotFoundPage/messages.js","statementMap":{},"fnMap":{},"branchMap":{},"s":{},"f":{},"b":{},"_coverageSchema":"332fd63041d2c1bcb487cc26dd0d5f7d97098a6c","hash":"d99b5b494a59a640c2c24ab920e5eb30e4ca56d9"}
,"/home/andrew/code/gatekeeper/app/utils/checkStore.js": {"path":"/home/andrew/code/gatekeeper/app/utils/checkStore.js","statementMap":{"0":{"start":{"line":10,"column":16},"end":{"line":18,"column":3}},"1":{"start":{"line":19,"column":2},"end":{"line":22,"column":4}}},"fnMap":{"0":{"name":"checkStore","decl":{"start":{"line":9,"column":24},"end":{"line":9,"column":34}},"loc":{"start":{"line":9,"column":42},"end":{"line":23,"column":1}},"line":9}},"branchMap":{},"s":{"0":13,"1":13},"f":{"0":13},"b":{},"_coverageSchema":"332fd63041d2c1bcb487cc26dd0d5f7d97098a6c","hash":"8ccbf45787107931683b3df5deee3f3409f018bf"}
,"/home/andrew/code/gatekeeper/app/utils/constants.js": {"path":"/home/andrew/code/gatekeeper/app/utils/constants.js","statementMap":{"0":{"start":{"line":1,"column":34},"end":{"line":1,"column":70}},"1":{"start":{"line":2,"column":22},"end":{"line":2,"column":46}},"2":{"start":{"line":3,"column":33},"end":{"line":3,"column":68}}},"fnMap":{},"branchMap":{},"s":{"0":2,"1":2,"2":2},"f":{},"b":{},"_coverageSchema":"332fd63041d2c1bcb487cc26dd0d5f7d97098a6c","hash":"a5f16827909d435e26f3f15877d002a15750a02b"}
,"/home/andrew/code/gatekeeper/app/utils/injectReducer.js": {"path":"/home/andrew/code/gatekeeper/app/utils/injectReducer.js","statementMap":{"0":{"start":{"line":14,"column":37},"end":{"line":36,"column":1}},"1":{"start":{"line":23,"column":32},"end":{"line":23,"column":46}},"2":{"start":{"line":25,"column":6},"end":{"line":25,"column":34}},"3":{"start":{"line":31,"column":6},"end":{"line":31,"column":50}},"4":{"start":{"line":35,"column":2},"end":{"line":35,"column":65}}},"fnMap":{"0":{"name":"(anonymous_0)","decl":{"start":{"line":14,"column":15},"end":{"line":14,"column":16}},"loc":{"start":{"line":14,"column":37},"end":{"line":36,"column":1}},"line":14},"1":{"name":"(anonymous_1)","decl":{"start":{"line":14,"column":37},"end":{"line":14,"column":38}},"loc":{"start":{"line":14,"column":59},"end":{"line":36,"column":1}},"line":14},"2":{"name":"(anonymous_2)","decl":{"start":{"line":22,"column":4},"end":{"line":22,"column":5}},"loc":{"start":{"line":22,"column":25},"end":{"line":26,"column":5}},"line":22},"3":{"name":"(anonymous_3)","decl":{"start":{"line":30,"column":4},"end":{"line":30,"column":5}},"loc":{"start":{"line":30,"column":13},"end":{"line":32,"column":5}},"line":30}},"branchMap":{"0":{"loc":{"start":{"line":20,"column":41},"end":{"line":20,"column":109}},"type":"binary-expr","locations":[{"start":{"line":20,"column":41},"end":{"line":20,"column":69}},{"start":{"line":20,"column":73},"end":{"line":20,"column":94}},{"start":{"line":20,"column":98},"end":{"line":20,"column":109}}],"line":20}},"s":{"0":4,"1":2,"2":2,"3":2,"4":4},"f":{"0":4,"1":4,"2":2,"3":2},"b":{"0":[4,4,1]},"_coverageSchema":"332fd63041d2c1bcb487cc26dd0d5f7d97098a6c","hash":"87ce95535b45a36737b4a5a309f39d6d2945a426"}
,"/home/andrew/code/gatekeeper/app/utils/injectSaga.js": {"path":"/home/andrew/code/gatekeeper/app/utils/injectSaga.js","statementMap":{"0":{"start":{"line":18,"column":40},"end":{"line":46,"column":1}},"1":{"start":{"line":27,"column":29},"end":{"line":27,"column":43}},"2":{"start":{"line":29,"column":6},"end":{"line":29,"column":50}},"3":{"start":{"line":33,"column":28},"end":{"line":33,"column":42}},"4":{"start":{"line":35,"column":6},"end":{"line":35,"column":21}},"5":{"start":{"line":41,"column":6},"end":{"line":41,"column":50}},"6":{"start":{"line":45,"column":2},"end":{"line":45,"column":60}}},"fnMap":{"0":{"name":"(anonymous_0)","decl":{"start":{"line":18,"column":15},"end":{"line":18,"column":16}},"loc":{"start":{"line":18,"column":40},"end":{"line":46,"column":1}},"line":18},"1":{"name":"(anonymous_1)","decl":{"start":{"line":18,"column":40},"end":{"line":18,"column":41}},"loc":{"start":{"line":18,"column":62},"end":{"line":46,"column":1}},"line":18},"2":{"name":"(anonymous_2)","decl":{"start":{"line":26,"column":4},"end":{"line":26,"column":5}},"loc":{"start":{"line":26,"column":25},"end":{"line":30,"column":5}},"line":26},"3":{"name":"(anonymous_3)","decl":{"start":{"line":32,"column":4},"end":{"line":32,"column":5}},"loc":{"start":{"line":32,"column":27},"end":{"line":36,"column":5}},"line":32},"4":{"name":"(anonymous_4)","decl":{"start":{"line":40,"column":4},"end":{"line":40,"column":5}},"loc":{"start":{"line":40,"column":13},"end":{"line":42,"column":5}},"line":40}},"branchMap":{"0":{"loc":{"start":{"line":24,"column":38},"end":{"line":24,"column":106}},"type":"binary-expr","locations":[{"start":{"line":24,"column":38},"end":{"line":24,"column":66}},{"start":{"line":24,"column":70},"end":{"line":24,"column":91}},{"start":{"line":24,"column":95},"end":{"line":24,"column":106}}],"line":24}},"s":{"0":5,"1":3,"2":3,"3":1,"4":1,"5":3,"6":5},"f":{"0":5,"1":5,"2":3,"3":1,"4":3},"b":{"0":[5,5,1]},"_coverageSchema":"332fd63041d2c1bcb487cc26dd0d5f7d97098a6c","hash":"ba2c6d09917b474a148eb257b07ece8d302e363d"}
,"/home/andrew/code/gatekeeper/app/utils/reducerInjectors.js": {"path":"/home/andrew/code/gatekeeper/app/utils/reducerInjectors.js","statementMap":{"0":{"start":{"line":10,"column":2},"end":{"line":23,"column":4}},"1":{"start":{"line":11,"column":4},"end":{"line":11,"column":36}},"2":{"start":{"line":11,"column":18},"end":{"line":11,"column":36}},"3":{"start":{"line":13,"column":4},"end":{"line":16,"column":6}},"4":{"start":{"line":19,"column":4},"end":{"line":19,"column":100}},"5":{"start":{"line":19,"column":93},"end":{"line":19,"column":100}},"6":{"start":{"line":21,"column":4},"end":{"line":21,"column":42}},"7":{"start":{"line":22,"column":4},"end":{"line":22,"column":64}},"8":{"start":{"line":27,"column":2},"end":{"line":27,"column":20}},"9":{"start":{"line":29,"column":2},"end":{"line":31,"column":4}}},"fnMap":{"0":{"name":"injectReducerFactory","decl":{"start":{"line":9,"column":16},"end":{"line":9,"column":36}},"loc":{"start":{"line":9,"column":53},"end":{"line":24,"column":1}},"line":9},"1":{"name":"injectReducer","decl":{"start":{"line":10,"column":18},"end":{"line":10,"column":31}},"loc":{"start":{"line":10,"column":46},"end":{"line":23,"column":3}},"line":10},"2":{"name":"getInjectors","decl":{"start":{"line":26,"column":24},"end":{"line":26,"column":36}},"loc":{"start":{"line":26,"column":44},"end":{"line":32,"column":1}},"line":26}},"branchMap":{"0":{"loc":{"start":{"line":11,"column":4},"end":{"line":11,"column":36}},"type":"if","locations":[{"start":{"line":11,"column":4},"end":{"line":11,"column":36}},{"start":{"line":11,"column":4},"end":{"line":11,"column":36}}],"line":11},"1":{"loc":{"start":{"line":14,"column":6},"end":{"line":14,"column":59}},"type":"binary-expr","locations":[{"start":{"line":14,"column":6},"end":{"line":14,"column":19}},{"start":{"line":14,"column":23},"end":{"line":14,"column":36}},{"start":{"line":14,"column":40},"end":{"line":14,"column":59}}],"line":14},"2":{"loc":{"start":{"line":19,"column":4},"end":{"line":19,"column":100}},"type":"if","locations":[{"start":{"line":19,"column":4},"end":{"line":19,"column":100}},{"start":{"line":19,"column":4},"end":{"line":19,"column":100}}],"line":19},"3":{"loc":{"start":{"line":19,"column":8},"end":{"line":19,"column":91}},"type":"binary-expr","locations":[{"start":{"line":19,"column":8},"end":{"line":19,"column":48}},{"start":{"line":19,"column":52},"end":{"line":19,"column":91}}],"line":19}},"s":{"0":8,"1":10,"2":1,"3":9,"4":6,"5":1,"6":5,"7":5,"8":2,"9":1},"f":{"0":8,"1":10,"2":2},"b":{"0":[1,9],"1":[9,7,6],"2":[1,5],"3":[6,2]},"_coverageSchema":"332fd63041d2c1bcb487cc26dd0d5f7d97098a6c","hash":"0c911994c9cbf91c1cda75943278ea6092e91eb6"}
,"/home/andrew/code/gatekeeper/app/utils/sagaInjectors.js": {"path":"/home/andrew/code/gatekeeper/app/utils/sagaInjectors.js","statementMap":{"0":{"start":{"line":14,"column":21},"end":{"line":14,"column":68}},"1":{"start":{"line":16,"column":17},"end":{"line":19,"column":1}},"2":{"start":{"line":16,"column":26},"end":{"line":19,"column":1}},"3":{"start":{"line":21,"column":24},"end":{"line":30,"column":1}},"4":{"start":{"line":22,"column":16},"end":{"line":25,"column":3}},"5":{"start":{"line":24,"column":20},"end":{"line":24,"column":65}},"6":{"start":{"line":26,"column":2},"end":{"line":29,"column":4}},"7":{"start":{"line":33,"column":2},"end":{"line":56,"column":4}},"8":{"start":{"line":34,"column":4},"end":{"line":34,"column":36}},"9":{"start":{"line":34,"column":18},"end":{"line":34,"column":36}},"10":{"start":{"line":36,"column":26},"end":{"line":36,"column":88}},"11":{"start":{"line":37,"column":27},"end":{"line":37,"column":40}},"12":{"start":{"line":39,"column":4},"end":{"line":39,"column":18}},"13":{"start":{"line":40,"column":4},"end":{"line":40,"column":35}},"14":{"start":{"line":42,"column":18},"end":{"line":42,"column":55}},"15":{"start":{"line":44,"column":4},"end":{"line":51,"column":5}},"16":{"start":{"line":45,"column":28},"end":{"line":45,"column":52}},"17":{"start":{"line":47,"column":6},"end":{"line":50,"column":7}},"18":{"start":{"line":48,"column":8},"end":{"line":48,"column":36}},"19":{"start":{"line":49,"column":8},"end":{"line":49,"column":24}},"20":{"start":{"line":53,"column":4},"end":{"line":55,"column":5}},"21":{"start":{"line":54,"column":6},"end":{"line":54,"column":87}},"22":{"start":{"line":60,"column":2},"end":{"line":76,"column":4}},"23":{"start":{"line":61,"column":4},"end":{"line":61,"column":36}},"24":{"start":{"line":61,"column":18},"end":{"line":61,"column":36}},"25":{"start":{"line":63,"column":4},"end":{"line":63,"column":18}},"26":{"start":{"line":65,"column":4},"end":{"line":75,"column":5}},"27":{"start":{"line":66,"column":25},"end":{"line":66,"column":49}},"28":{"start":{"line":67,"column":6},"end":{"line":74,"column":7}},"29":{"start":{"line":68,"column":8},"end":{"line":68,"column":33}},"30":{"start":{"line":70,"column":8},"end":{"line":73,"column":9}},"31":{"start":{"line":72,"column":10},"end":{"line":72,"column":44}},"32":{"start":{"line":80,"column":2},"end":{"line":80,"column":20}},"33":{"start":{"line":82,"column":2},"end":{"line":85,"column":4}}},"fnMap":{"0":{"name":"(anonymous_0)","decl":{"start":{"line":16,"column":17},"end":{"line":16,"column":18}},"loc":{"start":{"line":16,"column":26},"end":{"line":19,"column":1}},"line":16},"1":{"name":"(anonymous_1)","decl":{"start":{"line":21,"column":24},"end":{"line":21,"column":25}},"loc":{"start":{"line":21,"column":40},"end":{"line":30,"column":1}},"line":21},"2":{"name":"(anonymous_2)","decl":{"start":{"line":24,"column":10},"end":{"line":24,"column":11}},"loc":{"start":{"line":24,"column":20},"end":{"line":24,"column":65}},"line":24},"3":{"name":"injectSagaFactory","decl":{"start":{"line":32,"column":16},"end":{"line":32,"column":33}},"loc":{"start":{"line":32,"column":50},"end":{"line":57,"column":1}},"line":32},"4":{"name":"injectSaga","decl":{"start":{"line":33,"column":18},"end":{"line":33,"column":28}},"loc":{"start":{"line":33,"column":57},"end":{"line":56,"column":3}},"line":33},"5":{"name":"ejectSagaFactory","decl":{"start":{"line":59,"column":16},"end":{"line":59,"column":32}},"loc":{"start":{"line":59,"column":49},"end":{"line":77,"column":1}},"line":59},"6":{"name":"ejectSaga","decl":{"start":{"line":60,"column":18},"end":{"line":60,"column":27}},"loc":{"start":{"line":60,"column":33},"end":{"line":76,"column":3}},"line":60},"7":{"name":"getInjectors","decl":{"start":{"line":79,"column":24},"end":{"line":79,"column":36}},"loc":{"start":{"line":79,"column":44},"end":{"line":86,"column":1}},"line":79}},"branchMap":{"0":{"loc":{"start":{"line":17,"column":2},"end":{"line":17,"column":32}},"type":"binary-expr","locations":[{"start":{"line":17,"column":2},"end":{"line":17,"column":15}},{"start":{"line":17,"column":19},"end":{"line":17,"column":32}}],"line":17},"1":{"loc":{"start":{"line":24,"column":20},"end":{"line":24,"column":65}},"type":"binary-expr","locations":[{"start":{"line":24,"column":20},"end":{"line":24,"column":34}},{"start":{"line":24,"column":38},"end":{"line":24,"column":65}}],"line":24},"2":{"loc":{"start":{"line":33,"column":34},"end":{"line":33,"column":49}},"type":"default-arg","locations":[{"start":{"line":33,"column":47},"end":{"line":33,"column":49}}],"line":33},"3":{"loc":{"start":{"line":34,"column":4},"end":{"line":34,"column":36}},"type":"if","locations":[{"start":{"line":34,"column":4},"end":{"line":34,"column":36}},{"start":{"line":34,"column":4},"end":{"line":34,"column":36}}],"line":34},"4":{"loc":{"start":{"line":36,"column":49},"end":{"line":36,"column":86}},"type":"binary-expr","locations":[{"start":{"line":36,"column":49},"end":{"line":36,"column":64}},{"start":{"line":36,"column":68},"end":{"line":36,"column":86}}],"line":36},"5":{"loc":{"start":{"line":44,"column":4},"end":{"line":51,"column":5}},"type":"if","locations":[{"start":{"line":44,"column":4},"end":{"line":51,"column":5}},{"start":{"line":44,"column":4},"end":{"line":51,"column":5}}],"line":44},"6":{"loc":{"start":{"line":47,"column":6},"end":{"line":50,"column":7}},"type":"if","locations":[{"start":{"line":47,"column":6},"end":{"line":50,"column":7}},{"start":{"line":47,"column":6},"end":{"line":50,"column":7}}],"line":47},"7":{"loc":{"start":{"line":47,"column":10},"end":{"line":47,"column":48}},"type":"binary-expr","locations":[{"start":{"line":47,"column":10},"end":{"line":47,"column":17}},{"start":{"line":47,"column":21},"end":{"line":47,"column":48}}],"line":47},"8":{"loc":{"start":{"line":53,"column":4},"end":{"line":55,"column":5}},"type":"if","locations":[{"start":{"line":53,"column":4},"end":{"line":55,"column":5}},{"start":{"line":53,"column":4},"end":{"line":55,"column":5}}],"line":53},"9":{"loc":{"start":{"line":53,"column":8},"end":{"line":53,"column":78}},"type":"binary-expr","locations":[{"start":{"line":53,"column":8},"end":{"line":53,"column":16}},{"start":{"line":53,"column":21},"end":{"line":53,"column":28}},{"start":{"line":53,"column":32},"end":{"line":53,"column":47}},{"start":{"line":53,"column":51},"end":{"line":53,"column":77}}],"line":53},"10":{"loc":{"start":{"line":61,"column":4},"end":{"line":61,"column":36}},"type":"if","locations":[{"start":{"line":61,"column":4},"end":{"line":61,"column":36}},{"start":{"line":61,"column":4},"end":{"line":61,"column":36}}],"line":61},"11":{"loc":{"start":{"line":65,"column":4},"end":{"line":75,"column":5}},"type":"if","locations":[{"start":{"line":65,"column":4},"end":{"line":75,"column":5}},{"start":{"line":65,"column":4},"end":{"line":75,"column":5}}],"line":65},"12":{"loc":{"start":{"line":67,"column":6},"end":{"line":74,"column":7}},"type":"if","locations":[{"start":{"line":67,"column":6},"end":{"line":74,"column":7}},{"start":{"line":67,"column":6},"end":{"line":74,"column":7}}],"line":67},"13":{"loc":{"start":{"line":70,"column":8},"end":{"line":73,"column":9}},"type":"if","locations":[{"start":{"line":70,"column":8},"end":{"line":73,"column":9}},{"start":{"line":70,"column":8},"end":{"line":73,"column":9}}],"line":70}},"s":{"0":2,"1":2,"2":36,"3":2,"4":24,"5":24,"6":24,"7":21,"8":27,"9":1,"10":26,"11":26,"12":26,"13":24,"14":20,"15":20,"16":16,"17":16,"18":1,"19":1,"20":20,"21":15,"22":21,"23":11,"24":1,"25":10,"26":8,"27":7,"28":7,"29":4,"30":4,"31":2,"32":2,"33":1},"f":{"0":36,"1":24,"2":24,"3":21,"4":27,"5":21,"6":11,"7":2},"b":{"0":[36,34],"1":[24,23],"2":[1],"3":[1,26],"4":[26,10],"5":[16,4],"6":[1,15],"7":[16,5],"8":[15,5],"9":[20,5,5,2],"10":[1,10],"11":[7,1],"12":[4,3],"13":[2,2]},"_coverageSchema":"332fd63041d2c1bcb487cc26dd0d5f7d97098a6c","hash":"9921193ac14390595b3b0491f209221339ba2101"}
}
